<?xml version="1.0" encoding="UTF-8"?>
<testsuite name="Test cases Execute in Chrome"
           tests="6"
           failures="1"
           errors="0"
           skipped="5"
           time="0.000">
  <properties />
            <testcase name="BeforeNavigation" time="0.000" classname="netthandelen_TestFunctionality.Bidding_Payment">
                <failure type="org.testng.TestNGException"
                  message="
Parameter &apos;Browser&apos; is required by @Configuration on method BeforeNavigation but has not been marked @Optional or defined
in C:\JAVA_PROJECTS\Demo\TestNG.xml"
              >
<![CDATA[org.testng.TestNGException: 
Parameter 'Browser' is required by @Configuration on method BeforeNavigation but has not been marked @Optional or defined
in C:\JAVA_PROJECTS\Demo\TestNG.xml
  org.testng.internal.Parameters.createParameters(Parameters.java:154)
  org.testng.internal.Parameters.createParameters(Parameters.java:361)
  org.testng.internal.Parameters.createConfigurationParameters(Parameters.java:84)
  org.testng.internal.Invoker.invokeConfigurations(Invoker.java:202)
  org.testng.internal.Invoker.invokeConfigurations(Invoker.java:143)
  org.testng.internal.TestMethodWorker.invokeBeforeClassMethods(TestMethodWorker.java:178)
  org.testng.internal.TestMethodWorker.run(TestMethodWorker.java:108)
  java.util.concurrent.ThreadPoolExecutor.runWorker(Unknown Source)
  java.util.concurrent.ThreadPoolExecutor$Worker.run(Unknown Source)
  java.lang.Thread.run(Unknown Source)
]]>
      </failure>

          </testcase>
  
            <testcase name="AfterNavigation" time="0.0" classname="netthandelen_TestFunctionality.Bidding_Payment">
          <skipped />
    </testcase>
            <testcase name="Payment" time="0.0" classname="netthandelen_TestFunctionality.Bidding_Payment">
          <skipped />
    </testcase>
            <testcase name="bidding" time="0.0" classname="netthandelen_TestFunctionality.Bidding_Payment">
          <skipped />
    </testcase>
            <testcase name="createOrder" time="0.0" classname="netthandelen_TestFunctionality.Bidding_Payment">
          <skipped />
    </testcase>
            <testcase name="Login" time="0.0" classname="netthandelen_TestFunctionality.Bidding_Payment">
          <skipped />
    </testcase>
  
  
</testsuite>
